This file contains any messages produced by compilers while
running configure, to aid debugging if configure makes a mistake.

It was created by Stack Based Language configure 1.0, which was
generated by GNU Autoconf 2.67.  Invocation command line was

  $ ./configure 

## --------- ##
## Platform. ##
## --------- ##

hostname = hpcompaq
uname -m = i686
uname -r = 2.6.38-10-generic
uname -s = Linux
uname -v = #46-Ubuntu SMP Tue Jun 28 15:05:41 UTC 2011

/usr/bin/uname -p = unknown
/bin/uname -X     = unknown

/bin/arch              = unknown
/usr/bin/arch -k       = unknown
/usr/convex/getsysinfo = unknown
/usr/bin/hostinfo      = unknown
/bin/machine           = unknown
/usr/bin/oslevel       = unknown
/bin/universe          = unknown

PATH: /usr/local/sbin
PATH: /usr/local/bin
PATH: /usr/sbin
PATH: /usr/bin
PATH: /sbin
PATH: /bin
PATH: /usr/games


## ----------- ##
## Core tests. ##
## ----------- ##

configure:1795: checking for a BSD-compatible install
configure:1863: result: /usr/bin/install -c
configure:1874: checking whether build environment is sane
configure:1924: result: yes
configure:2065: checking for a thread-safe mkdir -p
configure:2104: result: /bin/mkdir -p
configure:2117: checking for gawk
configure:2147: result: no
configure:2117: checking for mawk
configure:2133: found /usr/bin/mawk
configure:2144: result: mawk
configure:2155: checking whether make sets $(MAKE)
configure:2177: result: yes
configure:2305: checking for gcc
configure:2321: found /usr/bin/gcc
configure:2332: result: gcc
configure:2561: checking for C compiler version
configure:2570: gcc --version >&5
gcc (Ubuntu/Linaro 4.5.2-8ubuntu4) 4.5.2
Copyright (C) 2010 Free Software Foundation, Inc.
This is free software; see the source for copying conditions.  There is NO
warranty; not even for MERCHANTABILITY or FITNESS FOR A PARTICULAR PURPOSE.

configure:2581: $? = 0
configure:2570: gcc -v >&5
Using built-in specs.
COLLECT_GCC=gcc
COLLECT_LTO_WRAPPER=/usr/lib/i386-linux-gnu/gcc/i686-linux-gnu/4.5.2/lto-wrapper
Target: i686-linux-gnu
Configured with: ../src/configure -v --with-pkgversion='Ubuntu/Linaro 4.5.2-8ubuntu4' --with-bugurl=file:///usr/share/doc/gcc-4.5/README.Bugs --enable-languages=c,c++,fortran,objc,obj-c++ --prefix=/usr --program-suffix=-4.5 --enable-shared --enable-multiarch --with-multiarch-defaults=i386-linux-gnu --enable-linker-build-id --with-system-zlib --libexecdir=/usr/lib/i386-linux-gnu --without-included-gettext --enable-threads=posix --with-gxx-include-dir=/usr/include/c++/4.5 --libdir=/usr/lib/i386-linux-gnu --enable-nls --with-sysroot=/ --enable-clocale=gnu --enable-libstdcxx-debug --enable-libstdcxx-time=yes --enable-plugin --enable-gold --enable-ld=default --with-plugin-ld=ld.gold --enable-objc-gc --enable-targets=all --disable-werror --with-arch-32=i686 --with-tune=generic --enable-checking=release --build=i686-linux-gnu --host=i686-linux-gnu --target=i686-linux-gnu
Thread model: posix
gcc version 4.5.2 (Ubuntu/Linaro 4.5.2-8ubuntu4) 
configure:2581: $? = 0
configure:2570: gcc -V >&5
gcc: '-V' option must have argument
configure:2581: $? = 1
configure:2570: gcc -qversion >&5
gcc: unrecognized option '-qversion'
gcc: no input files
configure:2581: $? = 1
configure:2601: checking whether the C compiler works
configure:2623: gcc    conftest.c  >&5
configure:2627: $? = 0
configure:2675: result: yes
configure:2678: checking for C compiler default output file name
configure:2680: result: a.out
configure:2686: checking for suffix of executables
configure:2693: gcc -o conftest    conftest.c  >&5
configure:2697: $? = 0
configure:2719: result: 
configure:2741: checking whether we are cross compiling
configure:2749: gcc -o conftest    conftest.c  >&5
configure:2753: $? = 0
configure:2760: ./conftest
configure:2764: $? = 0
configure:2779: result: no
configure:2784: checking for suffix of object files
configure:2806: gcc -c   conftest.c >&5
configure:2810: $? = 0
configure:2831: result: o
configure:2835: checking whether we are using the GNU C compiler
configure:2854: gcc -c   conftest.c >&5
configure:2854: $? = 0
configure:2863: result: yes
configure:2872: checking whether gcc accepts -g
configure:2892: gcc -c -g  conftest.c >&5
configure:2892: $? = 0
configure:2933: result: yes
configure:2950: checking for gcc option to accept ISO C89
configure:3014: gcc  -c -g -O2  conftest.c >&5
configure:3014: $? = 0
configure:3027: result: none needed
configure:3058: checking for style of include used by make
configure:3086: result: GNU
configure:3111: checking dependency style of gcc
configure:3221: result: gcc3
configure:3394: creating ./config.status

## ---------------------- ##
## Running config.status. ##
## ---------------------- ##

This file was extended by Stack Based Language config.status 1.0, which was
generated by GNU Autoconf 2.67.  Invocation command line was

  CONFIG_FILES    = 
  CONFIG_HEADERS  = 
  CONFIG_LINKS    = 
  CONFIG_COMMANDS = 
  $ ./config.status 

on hpcompaq

config.status:776: creating Makefile
config.status:947: executing depfiles commands

## ---------------- ##
## Cache variables. ##
## ---------------- ##

ac_cv_c_compiler_gnu=yes
ac_cv_env_CC_set=
ac_cv_env_CC_value=
ac_cv_env_CFLAGS_set=
ac_cv_env_CFLAGS_value=
ac_cv_env_CPPFLAGS_set=
ac_cv_env_CPPFLAGS_value=
ac_cv_env_LDFLAGS_set=
ac_cv_env_LDFLAGS_value=
ac_cv_env_LIBS_set=
ac_cv_env_LIBS_value=
ac_cv_env_build_alias_set=
ac_cv_env_build_alias_value=
ac_cv_env_host_alias_set=
ac_cv_env_host_alias_value=
ac_cv_env_target_alias_set=
ac_cv_env_target_alias_value=
ac_cv_objext=o
ac_cv_path_install='/usr/bin/install -c'
ac_cv_path_mkdir=/bin/mkdir
ac_cv_prog_AWK=mawk
ac_cv_prog_ac_ct_CC=gcc
ac_cv_prog_cc_c89=
ac_cv_prog_cc_g=yes
ac_cv_prog_make_make_set=yes
am_cv_CC_dependencies_compiler_type=gcc3

## ----------------- ##
## Output variables. ##
## ----------------- ##

ACLOCAL='${SHELL} /home/tekknolagi/StackBased/missing --run aclocal-1.11'
AMDEPBACKSLASH='\'
AMDEP_FALSE='#'
AMDEP_TRUE=''
AMTAR='${SHELL} /home/tekknolagi/StackBased/missing --run tar'
AUTOCONF='${SHELL} /home/tekknolagi/StackBased/missing --run autoconf'
AUTOHEADER='${SHELL} /home/tekknolagi/StackBased/missing --run autoheader'
AUTOMAKE='${SHELL} /home/tekknolagi/StackBased/missing --run automake-1.11'
AWK='mawk'
CC='gcc'
CCDEPMODE='depmode=gcc3'
CFLAGS='-g -O2'
CPPFLAGS=''
CYGPATH_W='echo'
DEFS='-DPACKAGE_NAME=\"Stack\ Based\ Language\" -DPACKAGE_TARNAME=\"stack\" -DPACKAGE_VERSION=\"1.0\" -DPACKAGE_STRING=\"Stack\ Based\ Language\ 1.0\" -DPACKAGE_BUGREPORT=\"Maxwell\ Bernstein\ \<tekknolagi@gmail.com\>\" -DPACKAGE_URL=\"\" -DPACKAGE=\"stack\" -DVERSION=\"1.0\"'
DEPDIR='.deps'
ECHO_C=''
ECHO_N='-n'
ECHO_T=''
EXEEXT=''
INSTALL_DATA='${INSTALL} -m 644'
INSTALL_PROGRAM='${INSTALL}'
INSTALL_SCRIPT='${INSTALL}'
INSTALL_STRIP_PROGRAM='$(install_sh) -c -s'
LDFLAGS=''
LIBOBJS=''
LIBS=''
LTLIBOBJS=''
MAKEINFO='${SHELL} /home/tekknolagi/StackBased/missing --run makeinfo'
MKDIR_P='/bin/mkdir -p'
OBJEXT='o'
PACKAGE='stack'
PACKAGE_BUGREPORT='Maxwell Bernstein <tekknolagi@gmail.com>'
PACKAGE_NAME='Stack Based Language'
PACKAGE_STRING='Stack Based Language 1.0'
PACKAGE_TARNAME='stack'
PACKAGE_URL=''
PACKAGE_VERSION='1.0'
PATH_SEPARATOR=':'
SET_MAKE=''
SHELL='/bin/bash'
STRIP=''
VERSION='1.0'
ac_ct_CC='gcc'
am__EXEEXT_FALSE=''
am__EXEEXT_TRUE='#'
am__fastdepCC_FALSE='#'
am__fastdepCC_TRUE=''
am__include='include'
am__isrc=''
am__leading_dot='.'
am__quote=''
am__tar='${AMTAR} chof - "$$tardir"'
am__untar='${AMTAR} xf -'
bindir='${exec_prefix}/bin'
build_alias=''
datadir='${datarootdir}'
datarootdir='${prefix}/share'
docdir='${datarootdir}/doc/${PACKAGE_TARNAME}'
dvidir='${docdir}'
exec_prefix='${prefix}'
host_alias=''
htmldir='${docdir}'
includedir='${prefix}/include'
infodir='${datarootdir}/info'
install_sh='${SHELL} /home/tekknolagi/StackBased/install-sh'
libdir='${exec_prefix}/lib'
libexecdir='${exec_prefix}/libexec'
localedir='${datarootdir}/locale'
localstatedir='${prefix}/var'
mandir='${datarootdir}/man'
mkdir_p='/bin/mkdir -p'
oldincludedir='/usr/include'
pdfdir='${docdir}'
prefix='/usr/local'
program_transform_name='s,x,x,'
psdir='${docdir}'
sbindir='${exec_prefix}/sbin'
sharedstatedir='${prefix}/com'
sysconfdir='${prefix}/etc'
target_alias=''

## ----------- ##
## confdefs.h. ##
## ----------- ##

/* confdefs.h */
#define PACKAGE_NAME "Stack Based Language"
#define PACKAGE_TARNAME "stack"
#define PACKAGE_VERSION "1.0"
#define PACKAGE_STRING "Stack Based Language 1.0"
#define PACKAGE_BUGREPORT "Maxwell Bernstein <tekknolagi@gmail.com>"
#define PACKAGE_URL ""
#define PACKAGE "stack"
#define VERSION "1.0"

configure: exit 0

## ---------------------- ##
## Running config.status. ##
## ---------------------- ##

This file was extended by Stack Based Language config.status 1.0, which was
generated by GNU Autoconf 2.67.  Invocation command line was

  CONFIG_FILES    = 
  CONFIG_HEADERS  = 
  CONFIG_LINKS    = 
  CONFIG_COMMANDS = 
  $ ./config.status Makefile depfiles

on hpcompaq

config.status:776: creating Makefile
config.status:947: executing depfiles commands
